The system is: Linux - 2.6.32-431.1.2.el6.x86_64 - x86_64
Compiling the C compiler identification source file "CMakeCCompilerId.c" succeeded.
Compiler: /u/sw/pkgs/toolchains/gcc-glibc/5/prefix/bin/cc 
Build flags: 
Id flags: 

The output was:
0


Compilation of the C compiler identification source "CMakeCCompilerId.c" produced "a.out"

The C compiler identification is GNU, found in "/u/archive/agip/cerroni/software/mygetfem/biot/build/CMakeFiles/3.5.0/CompilerIdC/a.out"

Compiling the CXX compiler identification source file "CMakeCXXCompilerId.cpp" succeeded.
Compiler: /u/sw/pkgs/toolchains/gcc-glibc/5/prefix/bin/c++ 
Build flags: 
Id flags: 

The output was:
0


Compilation of the CXX compiler identification source "CMakeCXXCompilerId.cpp" produced "a.out"

The CXX compiler identification is GNU, found in "/u/archive/agip/cerroni/software/mygetfem/biot/build/CMakeFiles/3.5.0/CompilerIdCXX/a.out"

Determining if the C compiler works passed with the following output:
Change Dir: /u/archive/agip/cerroni/software/mygetfem/biot/build/CMakeFiles/CMakeTmp

Run Build Command:"/u/sw/pkgs/toolchains/gcc-glibc/5/base/bin/gmake" "cmTC_833a6/fast"
/u/sw/pkgs/toolchains/gcc-glibc/5/base/bin/gmake -f CMakeFiles/cmTC_833a6.dir/build.make CMakeFiles/cmTC_833a6.dir/build
gmake[1]: Entering directory '/u/archive/agip/cerroni/software/mygetfem/biot/build/CMakeFiles/CMakeTmp'
Building C object CMakeFiles/cmTC_833a6.dir/testCCompiler.c.o
/u/sw/pkgs/toolchains/gcc-glibc/5/prefix/bin/cc     -o CMakeFiles/cmTC_833a6.dir/testCCompiler.c.o   -c /u/archive/agip/cerroni/software/mygetfem/biot/build/CMakeFiles/CMakeTmp/testCCompiler.c
Linking C executable cmTC_833a6
/u/sw/pkgs/toolchains/gcc-glibc/5/base/bin/cmake -E cmake_link_script CMakeFiles/cmTC_833a6.dir/link.txt --verbose=1
/u/sw/pkgs/toolchains/gcc-glibc/5/prefix/bin/cc       CMakeFiles/cmTC_833a6.dir/testCCompiler.c.o  -o cmTC_833a6 -rdynamic 
gmake[1]: Leaving directory '/u/archive/agip/cerroni/software/mygetfem/biot/build/CMakeFiles/CMakeTmp'


Detecting C compiler ABI info compiled with the following output:
Change Dir: /u/archive/agip/cerroni/software/mygetfem/biot/build/CMakeFiles/CMakeTmp

Run Build Command:"/u/sw/pkgs/toolchains/gcc-glibc/5/base/bin/gmake" "cmTC_9077e/fast"
/u/sw/pkgs/toolchains/gcc-glibc/5/base/bin/gmake -f CMakeFiles/cmTC_9077e.dir/build.make CMakeFiles/cmTC_9077e.dir/build
gmake[1]: Entering directory '/u/archive/agip/cerroni/software/mygetfem/biot/build/CMakeFiles/CMakeTmp'
Building C object CMakeFiles/cmTC_9077e.dir/CMakeCCompilerABI.c.o
/u/sw/pkgs/toolchains/gcc-glibc/5/prefix/bin/cc     -o CMakeFiles/cmTC_9077e.dir/CMakeCCompilerABI.c.o   -c /u/sw/pkgs/toolchains/gcc-glibc/5/base/share/cmake-3.5/Modules/CMakeCCompilerABI.c
Linking C executable cmTC_9077e
/u/sw/pkgs/toolchains/gcc-glibc/5/base/bin/cmake -E cmake_link_script CMakeFiles/cmTC_9077e.dir/link.txt --verbose=1
/u/sw/pkgs/toolchains/gcc-glibc/5/prefix/bin/cc      -v CMakeFiles/cmTC_9077e.dir/CMakeCCompilerABI.c.o  -o cmTC_9077e -rdynamic  
Using built-in specs.
COLLECT_GCC=/u/sw/pkgs/toolchains/gcc-glibc/5/prefix/bin/cc
COLLECT_LTO_WRAPPER=/u/sw/pkgs/toolchains/gcc-glibc/5/prefix/libexec/gcc/x86_64-mk-linux/5.3.0/lto-wrapper
Target: x86_64-mk-linux
Configured with: ../gcc-5.3.0/configure --build=x86_64-mk-linux --prefix=/u/sw/pkgs/toolchains/gcc-glibc/5/prefix --with-local-prefix=/u/sw/pkgs/toolchains/gcc-glibc/5/base --with-native-system-header-dir=/u/sw/pkgs/toolchains/gcc-glibc/5/prefix/include --with-pkgversion=mk --with-bugurl=https://bitbucket.org/mattiapenati/mk/issues --disable-nls --disable-multilib --enable-shared --enable-threads=posix --enable-__cxa_atexit --enable-lto --enable-libgomp --disable-libstdcxx-pch --enable-bootstrap --enable-languages=c,c++,fortran
Thread model: posix
gcc version 5.3.0 (mk) 
COMPILER_PATH=/u/sw/pkgs/toolchains/gcc-glibc/5/prefix/libexec/gcc/x86_64-mk-linux/5.3.0/:/u/sw/pkgs/toolchains/gcc-glibc/5/prefix/libexec/gcc/x86_64-mk-linux/5.3.0/:/u/sw/pkgs/toolchains/gcc-glibc/5/prefix/libexec/gcc/x86_64-mk-linux/:/u/sw/pkgs/toolchains/gcc-glibc/5/prefix/lib/gcc/x86_64-mk-linux/5.3.0/:/u/sw/pkgs/toolchains/gcc-glibc/5/prefix/lib/gcc/x86_64-mk-linux/:/u/sw/pkgs/toolchains/gcc-glibc/5/prefix/lib/gcc/x86_64-mk-linux/5.3.0/../../../../x86_64-mk-linux/bin/
LIBRARY_PATH=/u/sw/pkgs/toolchains/gcc-glibc/5/prefix/lib/gcc/x86_64-mk-linux/5.3.0/:/u/sw/pkgs/toolchains/gcc-glibc/5/prefix/lib/gcc/x86_64-mk-linux/5.3.0/../../../../x86_64-mk-linux/lib/../lib/:/u/sw/pkgs/toolchains/gcc-glibc/5/prefix/lib/gcc/x86_64-mk-linux/5.3.0/../../../../lib/:/u/sw/pkgs/toolchains/gcc-glibc/5/prefix/lib/gcc/x86_64-mk-linux/5.3.0/../../../../x86_64-mk-linux/lib/:/u/sw/pkgs/toolchains/gcc-glibc/5/prefix/lib/gcc/x86_64-mk-linux/5.3.0/../../../:/u/sw/pkgs/toolchains/gcc-glibc/5/prefix/lib:/u/sw/pkgs/toolchains/gcc-glibc/5/base/lib
COLLECT_GCC_OPTIONS='-v' '-o' 'cmTC_9077e' '-rdynamic' '-mtune=generic' '-march=x86-64'
 /u/sw/pkgs/toolchains/gcc-glibc/5/prefix/libexec/gcc/x86_64-mk-linux/5.3.0/collect2 -plugin /u/sw/pkgs/toolchains/gcc-glibc/5/prefix/libexec/gcc/x86_64-mk-linux/5.3.0/liblto_plugin.so -plugin-opt=/u/sw/pkgs/toolchains/gcc-glibc/5/prefix/libexec/gcc/x86_64-mk-linux/5.3.0/lto-wrapper -plugin-opt=-fresolution=/tmp/ccFIa3Xq.res -plugin-opt=-pass-through=-lgcc -plugin-opt=-pass-through=-lgcc_s -plugin-opt=-pass-through=-lc -plugin-opt=-pass-through=-lgcc -plugin-opt=-pass-through=-lgcc_s --eh-frame-hdr -m elf_x86_64 -export-dynamic -dynamic-linker /u/sw/pkgs/toolchains/gcc-glibc/5/prefix/lib/ld-linux-x86-64.so.2 -o cmTC_9077e /u/sw/pkgs/toolchains/gcc-glibc/5/prefix/lib/gcc/x86_64-mk-linux/5.3.0/../../../../lib/crt1.o /u/sw/pkgs/toolchains/gcc-glibc/5/prefix/lib/gcc/x86_64-mk-linux/5.3.0/../../../../lib/crti.o /u/sw/pkgs/toolchains/gcc-glibc/5/prefix/lib/gcc/x86_64-mk-linux/5.3.0/crtbegin.o -L/u/sw/pkgs/toolchains/gcc-glibc/5/prefix/lib/gcc/x86_64-mk-linux/5.3.0 -L/u/sw/pkgs/toolchains/gcc-glibc/5/prefix/lib/gcc/x86_64-mk-linux/5.3.0/../../../../x86_64-mk-linux/lib/../lib -L/u/sw/pkgs/toolchains/gcc-glibc/5/prefix/lib/gcc/x86_64-mk-linux/5.3.0/../../../../lib -L/u/sw/pkgs/toolchains/gcc-glibc/5/prefix/lib/gcc/x86_64-mk-linux/5.3.0/../../../../x86_64-mk-linux/lib -L/u/sw/pkgs/toolchains/gcc-glibc/5/prefix/lib/gcc/x86_64-mk-linux/5.3.0/../../.. -L/u/sw/pkgs/toolchains/gcc-glibc/5/prefix/lib -L/u/sw/pkgs/toolchains/gcc-glibc/5/base/lib CMakeFiles/cmTC_9077e.dir/CMakeCCompilerABI.c.o -lgcc --as-needed -lgcc_s --no-as-needed -lc -lgcc --as-needed -lgcc_s --no-as-needed /u/sw/pkgs/toolchains/gcc-glibc/5/prefix/lib/gcc/x86_64-mk-linux/5.3.0/crtend.o /u/sw/pkgs/toolchains/gcc-glibc/5/prefix/lib/gcc/x86_64-mk-linux/5.3.0/../../../../lib/crtn.o
gmake[1]: Leaving directory '/u/archive/agip/cerroni/software/mygetfem/biot/build/CMakeFiles/CMakeTmp'


Parsed C implicit link information from above output:
  link line regex: [^( *|.*[/\])(ld|([^/\]+-)?ld|collect2)[^/\]*( |$)]
  ignore line: [Change Dir: /u/archive/agip/cerroni/software/mygetfem/biot/build/CMakeFiles/CMakeTmp]
  ignore line: []
  ignore line: [Run Build Command:"/u/sw/pkgs/toolchains/gcc-glibc/5/base/bin/gmake" "cmTC_9077e/fast"]
  ignore line: [/u/sw/pkgs/toolchains/gcc-glibc/5/base/bin/gmake -f CMakeFiles/cmTC_9077e.dir/build.make CMakeFiles/cmTC_9077e.dir/build]
  ignore line: [gmake[1]: Entering directory '/u/archive/agip/cerroni/software/mygetfem/biot/build/CMakeFiles/CMakeTmp']
  ignore line: [Building C object CMakeFiles/cmTC_9077e.dir/CMakeCCompilerABI.c.o]
  ignore line: [/u/sw/pkgs/toolchains/gcc-glibc/5/prefix/bin/cc     -o CMakeFiles/cmTC_9077e.dir/CMakeCCompilerABI.c.o   -c /u/sw/pkgs/toolchains/gcc-glibc/5/base/share/cmake-3.5/Modules/CMakeCCompilerABI.c]
  ignore line: [Linking C executable cmTC_9077e]
  ignore line: [/u/sw/pkgs/toolchains/gcc-glibc/5/base/bin/cmake -E cmake_link_script CMakeFiles/cmTC_9077e.dir/link.txt --verbose=1]
  ignore line: [/u/sw/pkgs/toolchains/gcc-glibc/5/prefix/bin/cc      -v CMakeFiles/cmTC_9077e.dir/CMakeCCompilerABI.c.o  -o cmTC_9077e -rdynamic  ]
  ignore line: [Using built-in specs.]
  ignore line: [COLLECT_GCC=/u/sw/pkgs/toolchains/gcc-glibc/5/prefix/bin/cc]
  ignore line: [COLLECT_LTO_WRAPPER=/u/sw/pkgs/toolchains/gcc-glibc/5/prefix/libexec/gcc/x86_64-mk-linux/5.3.0/lto-wrapper]
  ignore line: [Target: x86_64-mk-linux]
  ignore line: [Configured with: ../gcc-5.3.0/configure --build=x86_64-mk-linux --prefix=/u/sw/pkgs/toolchains/gcc-glibc/5/prefix --with-local-prefix=/u/sw/pkgs/toolchains/gcc-glibc/5/base --with-native-system-header-dir=/u/sw/pkgs/toolchains/gcc-glibc/5/prefix/include --with-pkgversion=mk --with-bugurl=https://bitbucket.org/mattiapenati/mk/issues --disable-nls --disable-multilib --enable-shared --enable-threads=posix --enable-__cxa_atexit --enable-lto --enable-libgomp --disable-libstdcxx-pch --enable-bootstrap --enable-languages=c,c++,fortran]
  ignore line: [Thread model: posix]
  ignore line: [gcc version 5.3.0 (mk) ]
  ignore line: [COMPILER_PATH=/u/sw/pkgs/toolchains/gcc-glibc/5/prefix/libexec/gcc/x86_64-mk-linux/5.3.0/:/u/sw/pkgs/toolchains/gcc-glibc/5/prefix/libexec/gcc/x86_64-mk-linux/5.3.0/:/u/sw/pkgs/toolchains/gcc-glibc/5/prefix/libexec/gcc/x86_64-mk-linux/:/u/sw/pkgs/toolchains/gcc-glibc/5/prefix/lib/gcc/x86_64-mk-linux/5.3.0/:/u/sw/pkgs/toolchains/gcc-glibc/5/prefix/lib/gcc/x86_64-mk-linux/:/u/sw/pkgs/toolchains/gcc-glibc/5/prefix/lib/gcc/x86_64-mk-linux/5.3.0/../../../../x86_64-mk-linux/bin/]
  ignore line: [LIBRARY_PATH=/u/sw/pkgs/toolchains/gcc-glibc/5/prefix/lib/gcc/x86_64-mk-linux/5.3.0/:/u/sw/pkgs/toolchains/gcc-glibc/5/prefix/lib/gcc/x86_64-mk-linux/5.3.0/../../../../x86_64-mk-linux/lib/../lib/:/u/sw/pkgs/toolchains/gcc-glibc/5/prefix/lib/gcc/x86_64-mk-linux/5.3.0/../../../../lib/:/u/sw/pkgs/toolchains/gcc-glibc/5/prefix/lib/gcc/x86_64-mk-linux/5.3.0/../../../../x86_64-mk-linux/lib/:/u/sw/pkgs/toolchains/gcc-glibc/5/prefix/lib/gcc/x86_64-mk-linux/5.3.0/../../../:/u/sw/pkgs/toolchains/gcc-glibc/5/prefix/lib:/u/sw/pkgs/toolchains/gcc-glibc/5/base/lib]
  ignore line: [COLLECT_GCC_OPTIONS='-v' '-o' 'cmTC_9077e' '-rdynamic' '-mtune=generic' '-march=x86-64']
  link line: [ /u/sw/pkgs/toolchains/gcc-glibc/5/prefix/libexec/gcc/x86_64-mk-linux/5.3.0/collect2 -plugin /u/sw/pkgs/toolchains/gcc-glibc/5/prefix/libexec/gcc/x86_64-mk-linux/5.3.0/liblto_plugin.so -plugin-opt=/u/sw/pkgs/toolchains/gcc-glibc/5/prefix/libexec/gcc/x86_64-mk-linux/5.3.0/lto-wrapper -plugin-opt=-fresolution=/tmp/ccFIa3Xq.res -plugin-opt=-pass-through=-lgcc -plugin-opt=-pass-through=-lgcc_s -plugin-opt=-pass-through=-lc -plugin-opt=-pass-through=-lgcc -plugin-opt=-pass-through=-lgcc_s --eh-frame-hdr -m elf_x86_64 -export-dynamic -dynamic-linker /u/sw/pkgs/toolchains/gcc-glibc/5/prefix/lib/ld-linux-x86-64.so.2 -o cmTC_9077e /u/sw/pkgs/toolchains/gcc-glibc/5/prefix/lib/gcc/x86_64-mk-linux/5.3.0/../../../../lib/crt1.o /u/sw/pkgs/toolchains/gcc-glibc/5/prefix/lib/gcc/x86_64-mk-linux/5.3.0/../../../../lib/crti.o /u/sw/pkgs/toolchains/gcc-glibc/5/prefix/lib/gcc/x86_64-mk-linux/5.3.0/crtbegin.o -L/u/sw/pkgs/toolchains/gcc-glibc/5/prefix/lib/gcc/x86_64-mk-linux/5.3.0 -L/u/sw/pkgs/toolchains/gcc-glibc/5/prefix/lib/gcc/x86_64-mk-linux/5.3.0/../../../../x86_64-mk-linux/lib/../lib -L/u/sw/pkgs/toolchains/gcc-glibc/5/prefix/lib/gcc/x86_64-mk-linux/5.3.0/../../../../lib -L/u/sw/pkgs/toolchains/gcc-glibc/5/prefix/lib/gcc/x86_64-mk-linux/5.3.0/../../../../x86_64-mk-linux/lib -L/u/sw/pkgs/toolchains/gcc-glibc/5/prefix/lib/gcc/x86_64-mk-linux/5.3.0/../../.. -L/u/sw/pkgs/toolchains/gcc-glibc/5/prefix/lib -L/u/sw/pkgs/toolchains/gcc-glibc/5/base/lib CMakeFiles/cmTC_9077e.dir/CMakeCCompilerABI.c.o -lgcc --as-needed -lgcc_s --no-as-needed -lc -lgcc --as-needed -lgcc_s --no-as-needed /u/sw/pkgs/toolchains/gcc-glibc/5/prefix/lib/gcc/x86_64-mk-linux/5.3.0/crtend.o /u/sw/pkgs/toolchains/gcc-glibc/5/prefix/lib/gcc/x86_64-mk-linux/5.3.0/../../../../lib/crtn.o]
    arg [/u/sw/pkgs/toolchains/gcc-glibc/5/prefix/libexec/gcc/x86_64-mk-linux/5.3.0/collect2] ==> ignore
    arg [-plugin] ==> ignore
    arg [/u/sw/pkgs/toolchains/gcc-glibc/5/prefix/libexec/gcc/x86_64-mk-linux/5.3.0/liblto_plugin.so] ==> ignore
    arg [-plugin-opt=/u/sw/pkgs/toolchains/gcc-glibc/5/prefix/libexec/gcc/x86_64-mk-linux/5.3.0/lto-wrapper] ==> ignore
    arg [-plugin-opt=-fresolution=/tmp/ccFIa3Xq.res] ==> ignore
    arg [-plugin-opt=-pass-through=-lgcc] ==> ignore
    arg [-plugin-opt=-pass-through=-lgcc_s] ==> ignore
    arg [-plugin-opt=-pass-through=-lc] ==> ignore
    arg [-plugin-opt=-pass-through=-lgcc] ==> ignore
    arg [-plugin-opt=-pass-through=-lgcc_s] ==> ignore
    arg [--eh-frame-hdr] ==> ignore
    arg [-m] ==> ignore
    arg [elf_x86_64] ==> ignore
    arg [-export-dynamic] ==> ignore
    arg [-dynamic-linker] ==> ignore
    arg [/u/sw/pkgs/toolchains/gcc-glibc/5/prefix/lib/ld-linux-x86-64.so.2] ==> ignore
    arg [-o] ==> ignore
    arg [cmTC_9077e] ==> ignore
    arg [/u/sw/pkgs/toolchains/gcc-glibc/5/prefix/lib/gcc/x86_64-mk-linux/5.3.0/../../../../lib/crt1.o] ==> ignore
    arg [/u/sw/pkgs/toolchains/gcc-glibc/5/prefix/lib/gcc/x86_64-mk-linux/5.3.0/../../../../lib/crti.o] ==> ignore
    arg [/u/sw/pkgs/toolchains/gcc-glibc/5/prefix/lib/gcc/x86_64-mk-linux/5.3.0/crtbegin.o] ==> ignore
    arg [-L/u/sw/pkgs/toolchains/gcc-glibc/5/prefix/lib/gcc/x86_64-mk-linux/5.3.0] ==> dir [/u/sw/pkgs/toolchains/gcc-glibc/5/prefix/lib/gcc/x86_64-mk-linux/5.3.0]
    arg [-L/u/sw/pkgs/toolchains/gcc-glibc/5/prefix/lib/gcc/x86_64-mk-linux/5.3.0/../../../../x86_64-mk-linux/lib/../lib] ==> dir [/u/sw/pkgs/toolchains/gcc-glibc/5/prefix/lib/gcc/x86_64-mk-linux/5.3.0/../../../../x86_64-mk-linux/lib/../lib]
    arg [-L/u/sw/pkgs/toolchains/gcc-glibc/5/prefix/lib/gcc/x86_64-mk-linux/5.3.0/../../../../lib] ==> dir [/u/sw/pkgs/toolchains/gcc-glibc/5/prefix/lib/gcc/x86_64-mk-linux/5.3.0/../../../../lib]
    arg [-L/u/sw/pkgs/toolchains/gcc-glibc/5/prefix/lib/gcc/x86_64-mk-linux/5.3.0/../../../../x86_64-mk-linux/lib] ==> dir [/u/sw/pkgs/toolchains/gcc-glibc/5/prefix/lib/gcc/x86_64-mk-linux/5.3.0/../../../../x86_64-mk-linux/lib]
    arg [-L/u/sw/pkgs/toolchains/gcc-glibc/5/prefix/lib/gcc/x86_64-mk-linux/5.3.0/../../..] ==> dir [/u/sw/pkgs/toolchains/gcc-glibc/5/prefix/lib/gcc/x86_64-mk-linux/5.3.0/../../..]
    arg [-L/u/sw/pkgs/toolchains/gcc-glibc/5/prefix/lib] ==> dir [/u/sw/pkgs/toolchains/gcc-glibc/5/prefix/lib]
    arg [-L/u/sw/pkgs/toolchains/gcc-glibc/5/base/lib] ==> dir [/u/sw/pkgs/toolchains/gcc-glibc/5/base/lib]
    arg [CMakeFiles/cmTC_9077e.dir/CMakeCCompilerABI.c.o] ==> ignore
    arg [-lgcc] ==> lib [gcc]
    arg [--as-needed] ==> ignore
    arg [-lgcc_s] ==> lib [gcc_s]
    arg [--no-as-needed] ==> ignore
    arg [-lc] ==> lib [c]
    arg [-lgcc] ==> lib [gcc]
    arg [--as-needed] ==> ignore
    arg [-lgcc_s] ==> lib [gcc_s]
    arg [--no-as-needed] ==> ignore
    arg [/u/sw/pkgs/toolchains/gcc-glibc/5/prefix/lib/gcc/x86_64-mk-linux/5.3.0/crtend.o] ==> ignore
    arg [/u/sw/pkgs/toolchains/gcc-glibc/5/prefix/lib/gcc/x86_64-mk-linux/5.3.0/../../../../lib/crtn.o] ==> ignore
  remove lib [gcc]
  remove lib [gcc_s]
  remove lib [gcc]
  remove lib [gcc_s]
  collapse library dir [/u/sw/pkgs/toolchains/gcc-glibc/5/prefix/lib/gcc/x86_64-mk-linux/5.3.0] ==> [/u/sw/pkgs/toolchains/gcc-glibc/5/prefix/lib/gcc/x86_64-mk-linux/5.3.0]
  collapse library dir [/u/sw/pkgs/toolchains/gcc-glibc/5/prefix/lib/gcc/x86_64-mk-linux/5.3.0/../../../../x86_64-mk-linux/lib/../lib] ==> [/u/sw/pkgs/toolchains/gcc-glibc/5/prefix/x86_64-mk-linux/lib]
  collapse library dir [/u/sw/pkgs/toolchains/gcc-glibc/5/prefix/lib/gcc/x86_64-mk-linux/5.3.0/../../../../lib] ==> [/u/sw/pkgs/toolchains/gcc-glibc/5/prefix/lib]
  collapse library dir [/u/sw/pkgs/toolchains/gcc-glibc/5/prefix/lib/gcc/x86_64-mk-linux/5.3.0/../../../../x86_64-mk-linux/lib] ==> [/u/sw/pkgs/toolchains/gcc-glibc/5/prefix/x86_64-mk-linux/lib]
  collapse library dir [/u/sw/pkgs/toolchains/gcc-glibc/5/prefix/lib/gcc/x86_64-mk-linux/5.3.0/../../..] ==> [/u/sw/pkgs/toolchains/gcc-glibc/5/prefix/lib]
  collapse library dir [/u/sw/pkgs/toolchains/gcc-glibc/5/prefix/lib] ==> [/u/sw/pkgs/toolchains/gcc-glibc/5/prefix/lib]
  collapse library dir [/u/sw/pkgs/toolchains/gcc-glibc/5/base/lib] ==> [/u/sw/pkgs/toolchains/gcc-glibc/5/base/lib]
  implicit libs: [c]
  implicit dirs: [/u/sw/pkgs/toolchains/gcc-glibc/5/prefix/lib/gcc/x86_64-mk-linux/5.3.0;/u/sw/pkgs/toolchains/gcc-glibc/5/prefix/x86_64-mk-linux/lib;/u/sw/pkgs/toolchains/gcc-glibc/5/prefix/lib;/u/sw/pkgs/toolchains/gcc-glibc/5/base/lib]
  implicit fwks: []




Detecting C [-std=c11] compiler features compiled with the following output:
Change Dir: /u/archive/agip/cerroni/software/mygetfem/biot/build/CMakeFiles/CMakeTmp

Run Build Command:"/u/sw/pkgs/toolchains/gcc-glibc/5/base/bin/gmake" "cmTC_65bca/fast"
/u/sw/pkgs/toolchains/gcc-glibc/5/base/bin/gmake -f CMakeFiles/cmTC_65bca.dir/build.make CMakeFiles/cmTC_65bca.dir/build
gmake[1]: Entering directory '/u/archive/agip/cerroni/software/mygetfem/biot/build/CMakeFiles/CMakeTmp'
Building C object CMakeFiles/cmTC_65bca.dir/feature_tests.c.o
/u/sw/pkgs/toolchains/gcc-glibc/5/prefix/bin/cc    -std=c11 -o CMakeFiles/cmTC_65bca.dir/feature_tests.c.o   -c /u/archive/agip/cerroni/software/mygetfem/biot/build/CMakeFiles/feature_tests.c
Linking C executable cmTC_65bca
/u/sw/pkgs/toolchains/gcc-glibc/5/base/bin/cmake -E cmake_link_script CMakeFiles/cmTC_65bca.dir/link.txt --verbose=1
/u/sw/pkgs/toolchains/gcc-glibc/5/prefix/bin/cc       CMakeFiles/cmTC_65bca.dir/feature_tests.c.o  -o cmTC_65bca -rdynamic 
gmake[1]: Leaving directory '/u/archive/agip/cerroni/software/mygetfem/biot/build/CMakeFiles/CMakeTmp'


    Feature record: C_FEATURE:1c_function_prototypes
    Feature record: C_FEATURE:1c_restrict
    Feature record: C_FEATURE:1c_static_assert
    Feature record: C_FEATURE:1c_variadic_macros


Detecting C [-std=c99] compiler features compiled with the following output:
Change Dir: /u/archive/agip/cerroni/software/mygetfem/biot/build/CMakeFiles/CMakeTmp

Run Build Command:"/u/sw/pkgs/toolchains/gcc-glibc/5/base/bin/gmake" "cmTC_1d102/fast"
/u/sw/pkgs/toolchains/gcc-glibc/5/base/bin/gmake -f CMakeFiles/cmTC_1d102.dir/build.make CMakeFiles/cmTC_1d102.dir/build
gmake[1]: Entering directory '/u/archive/agip/cerroni/software/mygetfem/biot/build/CMakeFiles/CMakeTmp'
Building C object CMakeFiles/cmTC_1d102.dir/feature_tests.c.o
/u/sw/pkgs/toolchains/gcc-glibc/5/prefix/bin/cc    -std=c99 -o CMakeFiles/cmTC_1d102.dir/feature_tests.c.o   -c /u/archive/agip/cerroni/software/mygetfem/biot/build/CMakeFiles/feature_tests.c
Linking C executable cmTC_1d102
/u/sw/pkgs/toolchains/gcc-glibc/5/base/bin/cmake -E cmake_link_script CMakeFiles/cmTC_1d102.dir/link.txt --verbose=1
/u/sw/pkgs/toolchains/gcc-glibc/5/prefix/bin/cc       CMakeFiles/cmTC_1d102.dir/feature_tests.c.o  -o cmTC_1d102 -rdynamic 
gmake[1]: Leaving directory '/u/archive/agip/cerroni/software/mygetfem/biot/build/CMakeFiles/CMakeTmp'


    Feature record: C_FEATURE:1c_function_prototypes
    Feature record: C_FEATURE:1c_restrict
    Feature record: C_FEATURE:0c_static_assert
    Feature record: C_FEATURE:1c_variadic_macros


Detecting C [-std=c90] compiler features compiled with the following output:
Change Dir: /u/archive/agip/cerroni/software/mygetfem/biot/build/CMakeFiles/CMakeTmp

Run Build Command:"/u/sw/pkgs/toolchains/gcc-glibc/5/base/bin/gmake" "cmTC_ed4da/fast"
/u/sw/pkgs/toolchains/gcc-glibc/5/base/bin/gmake -f CMakeFiles/cmTC_ed4da.dir/build.make CMakeFiles/cmTC_ed4da.dir/build
gmake[1]: Entering directory '/u/archive/agip/cerroni/software/mygetfem/biot/build/CMakeFiles/CMakeTmp'
Building C object CMakeFiles/cmTC_ed4da.dir/feature_tests.c.o
/u/sw/pkgs/toolchains/gcc-glibc/5/prefix/bin/cc    -std=c90 -o CMakeFiles/cmTC_ed4da.dir/feature_tests.c.o   -c /u/archive/agip/cerroni/software/mygetfem/biot/build/CMakeFiles/feature_tests.c
Linking C executable cmTC_ed4da
/u/sw/pkgs/toolchains/gcc-glibc/5/base/bin/cmake -E cmake_link_script CMakeFiles/cmTC_ed4da.dir/link.txt --verbose=1
/u/sw/pkgs/toolchains/gcc-glibc/5/prefix/bin/cc       CMakeFiles/cmTC_ed4da.dir/feature_tests.c.o  -o cmTC_ed4da -rdynamic 
gmake[1]: Leaving directory '/u/archive/agip/cerroni/software/mygetfem/biot/build/CMakeFiles/CMakeTmp'


    Feature record: C_FEATURE:1c_function_prototypes
    Feature record: C_FEATURE:0c_restrict
    Feature record: C_FEATURE:0c_static_assert
    Feature record: C_FEATURE:0c_variadic_macros
Determining if the CXX compiler works passed with the following output:
Change Dir: /u/archive/agip/cerroni/software/mygetfem/biot/build/CMakeFiles/CMakeTmp

Run Build Command:"/u/sw/pkgs/toolchains/gcc-glibc/5/base/bin/gmake" "cmTC_1df19/fast"
/u/sw/pkgs/toolchains/gcc-glibc/5/base/bin/gmake -f CMakeFiles/cmTC_1df19.dir/build.make CMakeFiles/cmTC_1df19.dir/build
gmake[1]: Entering directory '/u/archive/agip/cerroni/software/mygetfem/biot/build/CMakeFiles/CMakeTmp'
Building CXX object CMakeFiles/cmTC_1df19.dir/testCXXCompiler.cxx.o
/u/sw/pkgs/toolchains/gcc-glibc/5/prefix/bin/c++      -o CMakeFiles/cmTC_1df19.dir/testCXXCompiler.cxx.o -c /u/archive/agip/cerroni/software/mygetfem/biot/build/CMakeFiles/CMakeTmp/testCXXCompiler.cxx
Linking CXX executable cmTC_1df19
/u/sw/pkgs/toolchains/gcc-glibc/5/base/bin/cmake -E cmake_link_script CMakeFiles/cmTC_1df19.dir/link.txt --verbose=1
/u/sw/pkgs/toolchains/gcc-glibc/5/prefix/bin/c++        CMakeFiles/cmTC_1df19.dir/testCXXCompiler.cxx.o  -o cmTC_1df19 -rdynamic 
gmake[1]: Leaving directory '/u/archive/agip/cerroni/software/mygetfem/biot/build/CMakeFiles/CMakeTmp'


Detecting CXX compiler ABI info compiled with the following output:
Change Dir: /u/archive/agip/cerroni/software/mygetfem/biot/build/CMakeFiles/CMakeTmp

Run Build Command:"/u/sw/pkgs/toolchains/gcc-glibc/5/base/bin/gmake" "cmTC_39584/fast"
/u/sw/pkgs/toolchains/gcc-glibc/5/base/bin/gmake -f CMakeFiles/cmTC_39584.dir/build.make CMakeFiles/cmTC_39584.dir/build
gmake[1]: Entering directory '/u/archive/agip/cerroni/software/mygetfem/biot/build/CMakeFiles/CMakeTmp'
Building CXX object CMakeFiles/cmTC_39584.dir/CMakeCXXCompilerABI.cpp.o
/u/sw/pkgs/toolchains/gcc-glibc/5/prefix/bin/c++      -o CMakeFiles/cmTC_39584.dir/CMakeCXXCompilerABI.cpp.o -c /u/sw/pkgs/toolchains/gcc-glibc/5/base/share/cmake-3.5/Modules/CMakeCXXCompilerABI.cpp
Linking CXX executable cmTC_39584
/u/sw/pkgs/toolchains/gcc-glibc/5/base/bin/cmake -E cmake_link_script CMakeFiles/cmTC_39584.dir/link.txt --verbose=1
/u/sw/pkgs/toolchains/gcc-glibc/5/prefix/bin/c++       -v CMakeFiles/cmTC_39584.dir/CMakeCXXCompilerABI.cpp.o  -o cmTC_39584 -rdynamic  
Using built-in specs.
COLLECT_GCC=/u/sw/pkgs/toolchains/gcc-glibc/5/prefix/bin/c++
COLLECT_LTO_WRAPPER=/u/sw/pkgs/toolchains/gcc-glibc/5/prefix/libexec/gcc/x86_64-mk-linux/5.3.0/lto-wrapper
Target: x86_64-mk-linux
Configured with: ../gcc-5.3.0/configure --build=x86_64-mk-linux --prefix=/u/sw/pkgs/toolchains/gcc-glibc/5/prefix --with-local-prefix=/u/sw/pkgs/toolchains/gcc-glibc/5/base --with-native-system-header-dir=/u/sw/pkgs/toolchains/gcc-glibc/5/prefix/include --with-pkgversion=mk --with-bugurl=https://bitbucket.org/mattiapenati/mk/issues --disable-nls --disable-multilib --enable-shared --enable-threads=posix --enable-__cxa_atexit --enable-lto --enable-libgomp --disable-libstdcxx-pch --enable-bootstrap --enable-languages=c,c++,fortran
Thread model: posix
gcc version 5.3.0 (mk) 
COMPILER_PATH=/u/sw/pkgs/toolchains/gcc-glibc/5/prefix/libexec/gcc/x86_64-mk-linux/5.3.0/:/u/sw/pkgs/toolchains/gcc-glibc/5/prefix/libexec/gcc/x86_64-mk-linux/5.3.0/:/u/sw/pkgs/toolchains/gcc-glibc/5/prefix/libexec/gcc/x86_64-mk-linux/:/u/sw/pkgs/toolchains/gcc-glibc/5/prefix/lib/gcc/x86_64-mk-linux/5.3.0/:/u/sw/pkgs/toolchains/gcc-glibc/5/prefix/lib/gcc/x86_64-mk-linux/:/u/sw/pkgs/toolchains/gcc-glibc/5/prefix/lib/gcc/x86_64-mk-linux/5.3.0/../../../../x86_64-mk-linux/bin/
LIBRARY_PATH=/u/sw/pkgs/toolchains/gcc-glibc/5/prefix/lib/gcc/x86_64-mk-linux/5.3.0/:/u/sw/pkgs/toolchains/gcc-glibc/5/prefix/lib/gcc/x86_64-mk-linux/5.3.0/../../../../x86_64-mk-linux/lib/../lib/:/u/sw/pkgs/toolchains/gcc-glibc/5/prefix/lib/gcc/x86_64-mk-linux/5.3.0/../../../../lib/:/u/sw/pkgs/toolchains/gcc-glibc/5/prefix/lib/gcc/x86_64-mk-linux/5.3.0/../../../../x86_64-mk-linux/lib/:/u/sw/pkgs/toolchains/gcc-glibc/5/prefix/lib/gcc/x86_64-mk-linux/5.3.0/../../../:/u/sw/pkgs/toolchains/gcc-glibc/5/prefix/lib:/u/sw/pkgs/toolchains/gcc-glibc/5/base/lib
COLLECT_GCC_OPTIONS='-v' '-o' 'cmTC_39584' '-rdynamic' '-shared-libgcc' '-mtune=generic' '-march=x86-64'
 /u/sw/pkgs/toolchains/gcc-glibc/5/prefix/libexec/gcc/x86_64-mk-linux/5.3.0/collect2 -plugin /u/sw/pkgs/toolchains/gcc-glibc/5/prefix/libexec/gcc/x86_64-mk-linux/5.3.0/liblto_plugin.so -plugin-opt=/u/sw/pkgs/toolchains/gcc-glibc/5/prefix/libexec/gcc/x86_64-mk-linux/5.3.0/lto-wrapper -plugin-opt=-fresolution=/tmp/ccrN5qII.res -plugin-opt=-pass-through=-lgcc_s -plugin-opt=-pass-through=-lgcc -plugin-opt=-pass-through=-lc -plugin-opt=-pass-through=-lgcc_s -plugin-opt=-pass-through=-lgcc --eh-frame-hdr -m elf_x86_64 -export-dynamic -dynamic-linker /u/sw/pkgs/toolchains/gcc-glibc/5/prefix/lib/ld-linux-x86-64.so.2 -o cmTC_39584 /u/sw/pkgs/toolchains/gcc-glibc/5/prefix/lib/gcc/x86_64-mk-linux/5.3.0/../../../../lib/crt1.o /u/sw/pkgs/toolchains/gcc-glibc/5/prefix/lib/gcc/x86_64-mk-linux/5.3.0/../../../../lib/crti.o /u/sw/pkgs/toolchains/gcc-glibc/5/prefix/lib/gcc/x86_64-mk-linux/5.3.0/crtbegin.o -L/u/sw/pkgs/toolchains/gcc-glibc/5/prefix/lib/gcc/x86_64-mk-linux/5.3.0 -L/u/sw/pkgs/toolchains/gcc-glibc/5/prefix/lib/gcc/x86_64-mk-linux/5.3.0/../../../../x86_64-mk-linux/lib/../lib -L/u/sw/pkgs/toolchains/gcc-glibc/5/prefix/lib/gcc/x86_64-mk-linux/5.3.0/../../../../lib -L/u/sw/pkgs/toolchains/gcc-glibc/5/prefix/lib/gcc/x86_64-mk-linux/5.3.0/../../../../x86_64-mk-linux/lib -L/u/sw/pkgs/toolchains/gcc-glibc/5/prefix/lib/gcc/x86_64-mk-linux/5.3.0/../../.. -L/u/sw/pkgs/toolchains/gcc-glibc/5/prefix/lib -L/u/sw/pkgs/toolchains/gcc-glibc/5/base/lib CMakeFiles/cmTC_39584.dir/CMakeCXXCompilerABI.cpp.o -lstdc++ -lm -lgcc_s -lgcc -lc -lgcc_s -lgcc /u/sw/pkgs/toolchains/gcc-glibc/5/prefix/lib/gcc/x86_64-mk-linux/5.3.0/crtend.o /u/sw/pkgs/toolchains/gcc-glibc/5/prefix/lib/gcc/x86_64-mk-linux/5.3.0/../../../../lib/crtn.o
gmake[1]: Leaving directory '/u/archive/agip/cerroni/software/mygetfem/biot/build/CMakeFiles/CMakeTmp'


Parsed CXX implicit link information from above output:
  link line regex: [^( *|.*[/\])(ld|([^/\]+-)?ld|collect2)[^/\]*( |$)]
  ignore line: [Change Dir: /u/archive/agip/cerroni/software/mygetfem/biot/build/CMakeFiles/CMakeTmp]
  ignore line: []
  ignore line: [Run Build Command:"/u/sw/pkgs/toolchains/gcc-glibc/5/base/bin/gmake" "cmTC_39584/fast"]
  ignore line: [/u/sw/pkgs/toolchains/gcc-glibc/5/base/bin/gmake -f CMakeFiles/cmTC_39584.dir/build.make CMakeFiles/cmTC_39584.dir/build]
  ignore line: [gmake[1]: Entering directory '/u/archive/agip/cerroni/software/mygetfem/biot/build/CMakeFiles/CMakeTmp']
  ignore line: [Building CXX object CMakeFiles/cmTC_39584.dir/CMakeCXXCompilerABI.cpp.o]
  ignore line: [/u/sw/pkgs/toolchains/gcc-glibc/5/prefix/bin/c++      -o CMakeFiles/cmTC_39584.dir/CMakeCXXCompilerABI.cpp.o -c /u/sw/pkgs/toolchains/gcc-glibc/5/base/share/cmake-3.5/Modules/CMakeCXXCompilerABI.cpp]
  ignore line: [Linking CXX executable cmTC_39584]
  ignore line: [/u/sw/pkgs/toolchains/gcc-glibc/5/base/bin/cmake -E cmake_link_script CMakeFiles/cmTC_39584.dir/link.txt --verbose=1]
  ignore line: [/u/sw/pkgs/toolchains/gcc-glibc/5/prefix/bin/c++       -v CMakeFiles/cmTC_39584.dir/CMakeCXXCompilerABI.cpp.o  -o cmTC_39584 -rdynamic  ]
  ignore line: [Using built-in specs.]
  ignore line: [COLLECT_GCC=/u/sw/pkgs/toolchains/gcc-glibc/5/prefix/bin/c++]
  ignore line: [COLLECT_LTO_WRAPPER=/u/sw/pkgs/toolchains/gcc-glibc/5/prefix/libexec/gcc/x86_64-mk-linux/5.3.0/lto-wrapper]
  ignore line: [Target: x86_64-mk-linux]
  ignore line: [Configured with: ../gcc-5.3.0/configure --build=x86_64-mk-linux --prefix=/u/sw/pkgs/toolchains/gcc-glibc/5/prefix --with-local-prefix=/u/sw/pkgs/toolchains/gcc-glibc/5/base --with-native-system-header-dir=/u/sw/pkgs/toolchains/gcc-glibc/5/prefix/include --with-pkgversion=mk --with-bugurl=https://bitbucket.org/mattiapenati/mk/issues --disable-nls --disable-multilib --enable-shared --enable-threads=posix --enable-__cxa_atexit --enable-lto --enable-libgomp --disable-libstdcxx-pch --enable-bootstrap --enable-languages=c,c++,fortran]
  ignore line: [Thread model: posix]
  ignore line: [gcc version 5.3.0 (mk) ]
  ignore line: [COMPILER_PATH=/u/sw/pkgs/toolchains/gcc-glibc/5/prefix/libexec/gcc/x86_64-mk-linux/5.3.0/:/u/sw/pkgs/toolchains/gcc-glibc/5/prefix/libexec/gcc/x86_64-mk-linux/5.3.0/:/u/sw/pkgs/toolchains/gcc-glibc/5/prefix/libexec/gcc/x86_64-mk-linux/:/u/sw/pkgs/toolchains/gcc-glibc/5/prefix/lib/gcc/x86_64-mk-linux/5.3.0/:/u/sw/pkgs/toolchains/gcc-glibc/5/prefix/lib/gcc/x86_64-mk-linux/:/u/sw/pkgs/toolchains/gcc-glibc/5/prefix/lib/gcc/x86_64-mk-linux/5.3.0/../../../../x86_64-mk-linux/bin/]
  ignore line: [LIBRARY_PATH=/u/sw/pkgs/toolchains/gcc-glibc/5/prefix/lib/gcc/x86_64-mk-linux/5.3.0/:/u/sw/pkgs/toolchains/gcc-glibc/5/prefix/lib/gcc/x86_64-mk-linux/5.3.0/../../../../x86_64-mk-linux/lib/../lib/:/u/sw/pkgs/toolchains/gcc-glibc/5/prefix/lib/gcc/x86_64-mk-linux/5.3.0/../../../../lib/:/u/sw/pkgs/toolchains/gcc-glibc/5/prefix/lib/gcc/x86_64-mk-linux/5.3.0/../../../../x86_64-mk-linux/lib/:/u/sw/pkgs/toolchains/gcc-glibc/5/prefix/lib/gcc/x86_64-mk-linux/5.3.0/../../../:/u/sw/pkgs/toolchains/gcc-glibc/5/prefix/lib:/u/sw/pkgs/toolchains/gcc-glibc/5/base/lib]
  ignore line: [COLLECT_GCC_OPTIONS='-v' '-o' 'cmTC_39584' '-rdynamic' '-shared-libgcc' '-mtune=generic' '-march=x86-64']
  link line: [ /u/sw/pkgs/toolchains/gcc-glibc/5/prefix/libexec/gcc/x86_64-mk-linux/5.3.0/collect2 -plugin /u/sw/pkgs/toolchains/gcc-glibc/5/prefix/libexec/gcc/x86_64-mk-linux/5.3.0/liblto_plugin.so -plugin-opt=/u/sw/pkgs/toolchains/gcc-glibc/5/prefix/libexec/gcc/x86_64-mk-linux/5.3.0/lto-wrapper -plugin-opt=-fresolution=/tmp/ccrN5qII.res -plugin-opt=-pass-through=-lgcc_s -plugin-opt=-pass-through=-lgcc -plugin-opt=-pass-through=-lc -plugin-opt=-pass-through=-lgcc_s -plugin-opt=-pass-through=-lgcc --eh-frame-hdr -m elf_x86_64 -export-dynamic -dynamic-linker /u/sw/pkgs/toolchains/gcc-glibc/5/prefix/lib/ld-linux-x86-64.so.2 -o cmTC_39584 /u/sw/pkgs/toolchains/gcc-glibc/5/prefix/lib/gcc/x86_64-mk-linux/5.3.0/../../../../lib/crt1.o /u/sw/pkgs/toolchains/gcc-glibc/5/prefix/lib/gcc/x86_64-mk-linux/5.3.0/../../../../lib/crti.o /u/sw/pkgs/toolchains/gcc-glibc/5/prefix/lib/gcc/x86_64-mk-linux/5.3.0/crtbegin.o -L/u/sw/pkgs/toolchains/gcc-glibc/5/prefix/lib/gcc/x86_64-mk-linux/5.3.0 -L/u/sw/pkgs/toolchains/gcc-glibc/5/prefix/lib/gcc/x86_64-mk-linux/5.3.0/../../../../x86_64-mk-linux/lib/../lib -L/u/sw/pkgs/toolchains/gcc-glibc/5/prefix/lib/gcc/x86_64-mk-linux/5.3.0/../../../../lib -L/u/sw/pkgs/toolchains/gcc-glibc/5/prefix/lib/gcc/x86_64-mk-linux/5.3.0/../../../../x86_64-mk-linux/lib -L/u/sw/pkgs/toolchains/gcc-glibc/5/prefix/lib/gcc/x86_64-mk-linux/5.3.0/../../.. -L/u/sw/pkgs/toolchains/gcc-glibc/5/prefix/lib -L/u/sw/pkgs/toolchains/gcc-glibc/5/base/lib CMakeFiles/cmTC_39584.dir/CMakeCXXCompilerABI.cpp.o -lstdc++ -lm -lgcc_s -lgcc -lc -lgcc_s -lgcc /u/sw/pkgs/toolchains/gcc-glibc/5/prefix/lib/gcc/x86_64-mk-linux/5.3.0/crtend.o /u/sw/pkgs/toolchains/gcc-glibc/5/prefix/lib/gcc/x86_64-mk-linux/5.3.0/../../../../lib/crtn.o]
    arg [/u/sw/pkgs/toolchains/gcc-glibc/5/prefix/libexec/gcc/x86_64-mk-linux/5.3.0/collect2] ==> ignore
    arg [-plugin] ==> ignore
    arg [/u/sw/pkgs/toolchains/gcc-glibc/5/prefix/libexec/gcc/x86_64-mk-linux/5.3.0/liblto_plugin.so] ==> ignore
    arg [-plugin-opt=/u/sw/pkgs/toolchains/gcc-glibc/5/prefix/libexec/gcc/x86_64-mk-linux/5.3.0/lto-wrapper] ==> ignore
    arg [-plugin-opt=-fresolution=/tmp/ccrN5qII.res] ==> ignore
    arg [-plugin-opt=-pass-through=-lgcc_s] ==> ignore
    arg [-plugin-opt=-pass-through=-lgcc] ==> ignore
    arg [-plugin-opt=-pass-through=-lc] ==> ignore
    arg [-plugin-opt=-pass-through=-lgcc_s] ==> ignore
    arg [-plugin-opt=-pass-through=-lgcc] ==> ignore
    arg [--eh-frame-hdr] ==> ignore
    arg [-m] ==> ignore
    arg [elf_x86_64] ==> ignore
    arg [-export-dynamic] ==> ignore
    arg [-dynamic-linker] ==> ignore
    arg [/u/sw/pkgs/toolchains/gcc-glibc/5/prefix/lib/ld-linux-x86-64.so.2] ==> ignore
    arg [-o] ==> ignore
    arg [cmTC_39584] ==> ignore
    arg [/u/sw/pkgs/toolchains/gcc-glibc/5/prefix/lib/gcc/x86_64-mk-linux/5.3.0/../../../../lib/crt1.o] ==> ignore
    arg [/u/sw/pkgs/toolchains/gcc-glibc/5/prefix/lib/gcc/x86_64-mk-linux/5.3.0/../../../../lib/crti.o] ==> ignore
    arg [/u/sw/pkgs/toolchains/gcc-glibc/5/prefix/lib/gcc/x86_64-mk-linux/5.3.0/crtbegin.o] ==> ignore
    arg [-L/u/sw/pkgs/toolchains/gcc-glibc/5/prefix/lib/gcc/x86_64-mk-linux/5.3.0] ==> dir [/u/sw/pkgs/toolchains/gcc-glibc/5/prefix/lib/gcc/x86_64-mk-linux/5.3.0]
    arg [-L/u/sw/pkgs/toolchains/gcc-glibc/5/prefix/lib/gcc/x86_64-mk-linux/5.3.0/../../../../x86_64-mk-linux/lib/../lib] ==> dir [/u/sw/pkgs/toolchains/gcc-glibc/5/prefix/lib/gcc/x86_64-mk-linux/5.3.0/../../../../x86_64-mk-linux/lib/../lib]
    arg [-L/u/sw/pkgs/toolchains/gcc-glibc/5/prefix/lib/gcc/x86_64-mk-linux/5.3.0/../../../../lib] ==> dir [/u/sw/pkgs/toolchains/gcc-glibc/5/prefix/lib/gcc/x86_64-mk-linux/5.3.0/../../../../lib]
    arg [-L/u/sw/pkgs/toolchains/gcc-glibc/5/prefix/lib/gcc/x86_64-mk-linux/5.3.0/../../../../x86_64-mk-linux/lib] ==> dir [/u/sw/pkgs/toolchains/gcc-glibc/5/prefix/lib/gcc/x86_64-mk-linux/5.3.0/../../../../x86_64-mk-linux/lib]
    arg [-L/u/sw/pkgs/toolchains/gcc-glibc/5/prefix/lib/gcc/x86_64-mk-linux/5.3.0/../../..] ==> dir [/u/sw/pkgs/toolchains/gcc-glibc/5/prefix/lib/gcc/x86_64-mk-linux/5.3.0/../../..]
    arg [-L/u/sw/pkgs/toolchains/gcc-glibc/5/prefix/lib] ==> dir [/u/sw/pkgs/toolchains/gcc-glibc/5/prefix/lib]
    arg [-L/u/sw/pkgs/toolchains/gcc-glibc/5/base/lib] ==> dir [/u/sw/pkgs/toolchains/gcc-glibc/5/base/lib]
    arg [CMakeFiles/cmTC_39584.dir/CMakeCXXCompilerABI.cpp.o] ==> ignore
    arg [-lstdc++] ==> lib [stdc++]
    arg [-lm] ==> lib [m]
    arg [-lgcc_s] ==> lib [gcc_s]
    arg [-lgcc] ==> lib [gcc]
    arg [-lc] ==> lib [c]
    arg [-lgcc_s] ==> lib [gcc_s]
    arg [-lgcc] ==> lib [gcc]
    arg [/u/sw/pkgs/toolchains/gcc-glibc/5/prefix/lib/gcc/x86_64-mk-linux/5.3.0/crtend.o] ==> ignore
    arg [/u/sw/pkgs/toolchains/gcc-glibc/5/prefix/lib/gcc/x86_64-mk-linux/5.3.0/../../../../lib/crtn.o] ==> ignore
  remove lib [gcc_s]
  remove lib [gcc]
  remove lib [gcc_s]
  remove lib [gcc]
  collapse library dir [/u/sw/pkgs/toolchains/gcc-glibc/5/prefix/lib/gcc/x86_64-mk-linux/5.3.0] ==> [/u/sw/pkgs/toolchains/gcc-glibc/5/prefix/lib/gcc/x86_64-mk-linux/5.3.0]
  collapse library dir [/u/sw/pkgs/toolchains/gcc-glibc/5/prefix/lib/gcc/x86_64-mk-linux/5.3.0/../../../../x86_64-mk-linux/lib/../lib] ==> [/u/sw/pkgs/toolchains/gcc-glibc/5/prefix/x86_64-mk-linux/lib]
  collapse library dir [/u/sw/pkgs/toolchains/gcc-glibc/5/prefix/lib/gcc/x86_64-mk-linux/5.3.0/../../../../lib] ==> [/u/sw/pkgs/toolchains/gcc-glibc/5/prefix/lib]
  collapse library dir [/u/sw/pkgs/toolchains/gcc-glibc/5/prefix/lib/gcc/x86_64-mk-linux/5.3.0/../../../../x86_64-mk-linux/lib] ==> [/u/sw/pkgs/toolchains/gcc-glibc/5/prefix/x86_64-mk-linux/lib]
  collapse library dir [/u/sw/pkgs/toolchains/gcc-glibc/5/prefix/lib/gcc/x86_64-mk-linux/5.3.0/../../..] ==> [/u/sw/pkgs/toolchains/gcc-glibc/5/prefix/lib]
  collapse library dir [/u/sw/pkgs/toolchains/gcc-glibc/5/prefix/lib] ==> [/u/sw/pkgs/toolchains/gcc-glibc/5/prefix/lib]
  collapse library dir [/u/sw/pkgs/toolchains/gcc-glibc/5/base/lib] ==> [/u/sw/pkgs/toolchains/gcc-glibc/5/base/lib]
  implicit libs: [stdc++;m;c]
  implicit dirs: [/u/sw/pkgs/toolchains/gcc-glibc/5/prefix/lib/gcc/x86_64-mk-linux/5.3.0;/u/sw/pkgs/toolchains/gcc-glibc/5/prefix/x86_64-mk-linux/lib;/u/sw/pkgs/toolchains/gcc-glibc/5/prefix/lib;/u/sw/pkgs/toolchains/gcc-glibc/5/base/lib]
  implicit fwks: []




Detecting CXX [-std=c++14] compiler features compiled with the following output:
Change Dir: /u/archive/agip/cerroni/software/mygetfem/biot/build/CMakeFiles/CMakeTmp

Run Build Command:"/u/sw/pkgs/toolchains/gcc-glibc/5/base/bin/gmake" "cmTC_1b6fe/fast"
/u/sw/pkgs/toolchains/gcc-glibc/5/base/bin/gmake -f CMakeFiles/cmTC_1b6fe.dir/build.make CMakeFiles/cmTC_1b6fe.dir/build
gmake[1]: Entering directory '/u/archive/agip/cerroni/software/mygetfem/biot/build/CMakeFiles/CMakeTmp'
Building CXX object CMakeFiles/cmTC_1b6fe.dir/feature_tests.cxx.o
/u/sw/pkgs/toolchains/gcc-glibc/5/prefix/bin/c++     -std=c++14 -o CMakeFiles/cmTC_1b6fe.dir/feature_tests.cxx.o -c /u/archive/agip/cerroni/software/mygetfem/biot/build/CMakeFiles/feature_tests.cxx
Linking CXX executable cmTC_1b6fe
/u/sw/pkgs/toolchains/gcc-glibc/5/base/bin/cmake -E cmake_link_script CMakeFiles/cmTC_1b6fe.dir/link.txt --verbose=1
/u/sw/pkgs/toolchains/gcc-glibc/5/prefix/bin/c++        CMakeFiles/cmTC_1b6fe.dir/feature_tests.cxx.o  -o cmTC_1b6fe -rdynamic 
gmake[1]: Leaving directory '/u/archive/agip/cerroni/software/mygetfem/biot/build/CMakeFiles/CMakeTmp'


    Feature record: CXX_FEATURE:1cxx_aggregate_default_initializers
    Feature record: CXX_FEATURE:1cxx_alias_templates
    Feature record: CXX_FEATURE:1cxx_alignas
    Feature record: CXX_FEATURE:1cxx_alignof
    Feature record: CXX_FEATURE:1cxx_attributes
    Feature record: CXX_FEATURE:1cxx_attribute_deprecated
    Feature record: CXX_FEATURE:1cxx_auto_type
    Feature record: CXX_FEATURE:1cxx_binary_literals
    Feature record: CXX_FEATURE:1cxx_constexpr
    Feature record: CXX_FEATURE:1cxx_contextual_conversions
    Feature record: CXX_FEATURE:1cxx_decltype
    Feature record: CXX_FEATURE:1cxx_decltype_auto
    Feature record: CXX_FEATURE:1cxx_decltype_incomplete_return_types
    Feature record: CXX_FEATURE:1cxx_default_function_template_args
    Feature record: CXX_FEATURE:1cxx_defaulted_functions
    Feature record: CXX_FEATURE:1cxx_defaulted_move_initializers
    Feature record: CXX_FEATURE:1cxx_delegating_constructors
    Feature record: CXX_FEATURE:1cxx_deleted_functions
    Feature record: CXX_FEATURE:1cxx_digit_separators
    Feature record: CXX_FEATURE:1cxx_enum_forward_declarations
    Feature record: CXX_FEATURE:1cxx_explicit_conversions
    Feature record: CXX_FEATURE:1cxx_extended_friend_declarations
    Feature record: CXX_FEATURE:1cxx_extern_templates
    Feature record: CXX_FEATURE:1cxx_final
    Feature record: CXX_FEATURE:1cxx_func_identifier
    Feature record: CXX_FEATURE:1cxx_generalized_initializers
    Feature record: CXX_FEATURE:1cxx_generic_lambdas
    Feature record: CXX_FEATURE:1cxx_inheriting_constructors
    Feature record: CXX_FEATURE:1cxx_inline_namespaces
    Feature record: CXX_FEATURE:1cxx_lambdas
    Feature record: CXX_FEATURE:1cxx_lambda_init_captures
    Feature record: CXX_FEATURE:1cxx_local_type_template_args
    Feature record: CXX_FEATURE:1cxx_long_long_type
    Feature record: CXX_FEATURE:1cxx_noexcept
    Feature record: CXX_FEATURE:1cxx_nonstatic_member_init
    Feature record: CXX_FEATURE:1cxx_nullptr
    Feature record: CXX_FEATURE:1cxx_override
    Feature record: CXX_FEATURE:1cxx_range_for
    Feature record: CXX_FEATURE:1cxx_raw_string_literals
    Feature record: CXX_FEATURE:1cxx_reference_qualified_functions
    Feature record: CXX_FEATURE:1cxx_relaxed_constexpr
    Feature record: CXX_FEATURE:1cxx_return_type_deduction
    Feature record: CXX_FEATURE:1cxx_right_angle_brackets
    Feature record: CXX_FEATURE:1cxx_rvalue_references
    Feature record: CXX_FEATURE:1cxx_sizeof_member
    Feature record: CXX_FEATURE:1cxx_static_assert
    Feature record: CXX_FEATURE:1cxx_strong_enums
    Feature record: CXX_FEATURE:1cxx_template_template_parameters
    Feature record: CXX_FEATURE:1cxx_thread_local
    Feature record: CXX_FEATURE:1cxx_trailing_return_types
    Feature record: CXX_FEATURE:1cxx_unicode_literals
    Feature record: CXX_FEATURE:1cxx_uniform_initialization
    Feature record: CXX_FEATURE:1cxx_unrestricted_unions
    Feature record: CXX_FEATURE:1cxx_user_literals
    Feature record: CXX_FEATURE:1cxx_variable_templates
    Feature record: CXX_FEATURE:1cxx_variadic_macros
    Feature record: CXX_FEATURE:1cxx_variadic_templates


Detecting CXX [-std=c++11] compiler features compiled with the following output:
Change Dir: /u/archive/agip/cerroni/software/mygetfem/biot/build/CMakeFiles/CMakeTmp

Run Build Command:"/u/sw/pkgs/toolchains/gcc-glibc/5/base/bin/gmake" "cmTC_19ca9/fast"
/u/sw/pkgs/toolchains/gcc-glibc/5/base/bin/gmake -f CMakeFiles/cmTC_19ca9.dir/build.make CMakeFiles/cmTC_19ca9.dir/build
gmake[1]: Entering directory '/u/archive/agip/cerroni/software/mygetfem/biot/build/CMakeFiles/CMakeTmp'
Building CXX object CMakeFiles/cmTC_19ca9.dir/feature_tests.cxx.o
/u/sw/pkgs/toolchains/gcc-glibc/5/prefix/bin/c++     -std=c++11 -o CMakeFiles/cmTC_19ca9.dir/feature_tests.cxx.o -c /u/archive/agip/cerroni/software/mygetfem/biot/build/CMakeFiles/feature_tests.cxx
Linking CXX executable cmTC_19ca9
/u/sw/pkgs/toolchains/gcc-glibc/5/base/bin/cmake -E cmake_link_script CMakeFiles/cmTC_19ca9.dir/link.txt --verbose=1
/u/sw/pkgs/toolchains/gcc-glibc/5/prefix/bin/c++        CMakeFiles/cmTC_19ca9.dir/feature_tests.cxx.o  -o cmTC_19ca9 -rdynamic 
gmake[1]: Leaving directory '/u/archive/agip/cerroni/software/mygetfem/biot/build/CMakeFiles/CMakeTmp'


    Feature record: CXX_FEATURE:0cxx_aggregate_default_initializers
    Feature record: CXX_FEATURE:1cxx_alias_templates
    Feature record: CXX_FEATURE:1cxx_alignas
    Feature record: CXX_FEATURE:1cxx_alignof
    Feature record: CXX_FEATURE:1cxx_attributes
    Feature record: CXX_FEATURE:0cxx_attribute_deprecated
    Feature record: CXX_FEATURE:1cxx_auto_type
    Feature record: CXX_FEATURE:0cxx_binary_literals
    Feature record: CXX_FEATURE:1cxx_constexpr
    Feature record: CXX_FEATURE:0cxx_contextual_conversions
    Feature record: CXX_FEATURE:1cxx_decltype
    Feature record: CXX_FEATURE:0cxx_decltype_auto
    Feature record: CXX_FEATURE:1cxx_decltype_incomplete_return_types
    Feature record: CXX_FEATURE:1cxx_default_function_template_args
    Feature record: CXX_FEATURE:1cxx_defaulted_functions
    Feature record: CXX_FEATURE:1cxx_defaulted_move_initializers
    Feature record: CXX_FEATURE:1cxx_delegating_constructors
    Feature record: CXX_FEATURE:1cxx_deleted_functions
    Feature record: CXX_FEATURE:0cxx_digit_separators
    Feature record: CXX_FEATURE:1cxx_enum_forward_declarations
    Feature record: CXX_FEATURE:1cxx_explicit_conversions
    Feature record: CXX_FEATURE:1cxx_extended_friend_declarations
    Feature record: CXX_FEATURE:1cxx_extern_templates
    Feature record: CXX_FEATURE:1cxx_final
    Feature record: CXX_FEATURE:1cxx_func_identifier
    Feature record: CXX_FEATURE:1cxx_generalized_initializers
    Feature record: CXX_FEATURE:0cxx_generic_lambdas
    Feature record: CXX_FEATURE:1cxx_inheriting_constructors
    Feature record: CXX_FEATURE:1cxx_inline_namespaces
    Feature record: CXX_FEATURE:1cxx_lambdas
    Feature record: CXX_FEATURE:0cxx_lambda_init_captures
    Feature record: CXX_FEATURE:1cxx_local_type_template_args
    Feature record: CXX_FEATURE:1cxx_long_long_type
    Feature record: CXX_FEATURE:1cxx_noexcept
    Feature record: CXX_FEATURE:1cxx_nonstatic_member_init
    Feature record: CXX_FEATURE:1cxx_nullptr
    Feature record: CXX_FEATURE:1cxx_override
    Feature record: CXX_FEATURE:1cxx_range_for
    Feature record: CXX_FEATURE:1cxx_raw_string_literals
    Feature record: CXX_FEATURE:1cxx_reference_qualified_functions
    Feature record: CXX_FEATURE:0cxx_relaxed_constexpr
    Feature record: CXX_FEATURE:0cxx_return_type_deduction
    Feature record: CXX_FEATURE:1cxx_right_angle_brackets
    Feature record: CXX_FEATURE:1cxx_rvalue_references
    Feature record: CXX_FEATURE:1cxx_sizeof_member
    Feature record: CXX_FEATURE:1cxx_static_assert
    Feature record: CXX_FEATURE:1cxx_strong_enums
    Feature record: CXX_FEATURE:1cxx_template_template_parameters
    Feature record: CXX_FEATURE:1cxx_thread_local
    Feature record: CXX_FEATURE:1cxx_trailing_return_types
    Feature record: CXX_FEATURE:1cxx_unicode_literals
    Feature record: CXX_FEATURE:1cxx_uniform_initialization
    Feature record: CXX_FEATURE:1cxx_unrestricted_unions
    Feature record: CXX_FEATURE:1cxx_user_literals
    Feature record: CXX_FEATURE:0cxx_variable_templates
    Feature record: CXX_FEATURE:1cxx_variadic_macros
    Feature record: CXX_FEATURE:1cxx_variadic_templates


Detecting CXX [-std=c++98] compiler features compiled with the following output:
Change Dir: /u/archive/agip/cerroni/software/mygetfem/biot/build/CMakeFiles/CMakeTmp

Run Build Command:"/u/sw/pkgs/toolchains/gcc-glibc/5/base/bin/gmake" "cmTC_75ef8/fast"
/u/sw/pkgs/toolchains/gcc-glibc/5/base/bin/gmake -f CMakeFiles/cmTC_75ef8.dir/build.make CMakeFiles/cmTC_75ef8.dir/build
gmake[1]: Entering directory '/u/archive/agip/cerroni/software/mygetfem/biot/build/CMakeFiles/CMakeTmp'
Building CXX object CMakeFiles/cmTC_75ef8.dir/feature_tests.cxx.o
/u/sw/pkgs/toolchains/gcc-glibc/5/prefix/bin/c++     -std=c++98 -o CMakeFiles/cmTC_75ef8.dir/feature_tests.cxx.o -c /u/archive/agip/cerroni/software/mygetfem/biot/build/CMakeFiles/feature_tests.cxx
Linking CXX executable cmTC_75ef8
/u/sw/pkgs/toolchains/gcc-glibc/5/base/bin/cmake -E cmake_link_script CMakeFiles/cmTC_75ef8.dir/link.txt --verbose=1
/u/sw/pkgs/toolchains/gcc-glibc/5/prefix/bin/c++        CMakeFiles/cmTC_75ef8.dir/feature_tests.cxx.o  -o cmTC_75ef8 -rdynamic 
gmake[1]: Leaving directory '/u/archive/agip/cerroni/software/mygetfem/biot/build/CMakeFiles/CMakeTmp'


    Feature record: CXX_FEATURE:0cxx_aggregate_default_initializers
    Feature record: CXX_FEATURE:0cxx_alias_templates
    Feature record: CXX_FEATURE:0cxx_alignas
    Feature record: CXX_FEATURE:0cxx_alignof
    Feature record: CXX_FEATURE:0cxx_attributes
    Feature record: CXX_FEATURE:0cxx_attribute_deprecated
    Feature record: CXX_FEATURE:0cxx_auto_type
    Feature record: CXX_FEATURE:0cxx_binary_literals
    Feature record: CXX_FEATURE:0cxx_constexpr
    Feature record: CXX_FEATURE:0cxx_contextual_conversions
    Feature record: CXX_FEATURE:0cxx_decltype
    Feature record: CXX_FEATURE:0cxx_decltype_auto
    Feature record: CXX_FEATURE:0cxx_decltype_incomplete_return_types
    Feature record: CXX_FEATURE:0cxx_default_function_template_args
    Feature record: CXX_FEATURE:0cxx_defaulted_functions
    Feature record: CXX_FEATURE:0cxx_defaulted_move_initializers
    Feature record: CXX_FEATURE:0cxx_delegating_constructors
    Feature record: CXX_FEATURE:0cxx_deleted_functions
    Feature record: CXX_FEATURE:0cxx_digit_separators
    Feature record: CXX_FEATURE:0cxx_enum_forward_declarations
    Feature record: CXX_FEATURE:0cxx_explicit_conversions
    Feature record: CXX_FEATURE:0cxx_extended_friend_declarations
    Feature record: CXX_FEATURE:0cxx_extern_templates
    Feature record: CXX_FEATURE:0cxx_final
    Feature record: CXX_FEATURE:0cxx_func_identifier
    Feature record: CXX_FEATURE:0cxx_generalized_initializers
    Feature record: CXX_FEATURE:0cxx_generic_lambdas
    Feature record: CXX_FEATURE:0cxx_inheriting_constructors
    Feature record: CXX_FEATURE:0cxx_inline_namespaces
    Feature record: CXX_FEATURE:0cxx_lambdas
    Feature record: CXX_FEATURE:0cxx_lambda_init_captures
    Feature record: CXX_FEATURE:0cxx_local_type_template_args
    Feature record: CXX_FEATURE:0cxx_long_long_type
    Feature record: CXX_FEATURE:0cxx_noexcept
    Feature record: CXX_FEATURE:0cxx_nonstatic_member_init
    Feature record: CXX_FEATURE:0cxx_nullptr
    Feature record: CXX_FEATURE:0cxx_override
    Feature record: CXX_FEATURE:0cxx_range_for
    Feature record: CXX_FEATURE:0cxx_raw_string_literals
    Feature record: CXX_FEATURE:0cxx_reference_qualified_functions
    Feature record: CXX_FEATURE:0cxx_relaxed_constexpr
    Feature record: CXX_FEATURE:0cxx_return_type_deduction
    Feature record: CXX_FEATURE:0cxx_right_angle_brackets
    Feature record: CXX_FEATURE:0cxx_rvalue_references
    Feature record: CXX_FEATURE:0cxx_sizeof_member
    Feature record: CXX_FEATURE:0cxx_static_assert
    Feature record: CXX_FEATURE:0cxx_strong_enums
    Feature record: CXX_FEATURE:1cxx_template_template_parameters
    Feature record: CXX_FEATURE:0cxx_thread_local
    Feature record: CXX_FEATURE:0cxx_trailing_return_types
    Feature record: CXX_FEATURE:0cxx_unicode_literals
    Feature record: CXX_FEATURE:0cxx_uniform_initialization
    Feature record: CXX_FEATURE:0cxx_unrestricted_unions
    Feature record: CXX_FEATURE:0cxx_user_literals
    Feature record: CXX_FEATURE:0cxx_variable_templates
    Feature record: CXX_FEATURE:0cxx_variadic_macros
    Feature record: CXX_FEATURE:0cxx_variadic_templates
